== Install 16:52:23Z ==
Environment variables loaded from .env
Lockfile is up to date, resolution step is skipped
Already up to date


> m2-next-auth-prisma-postgres-starter@0.1.0 postinstall /Users/manumurillo/Documents/m2-next-auth-prisma-postgres-starter
> prisma generate

Prisma schema loaded from prisma/schema.prisma

✔ Generated Prisma Client (v6.16.2) to ./node_modules/.pnpm/@prisma+client@6.16.2_prisma@6.16.2_typescript@5.9.2__typescript@5.9.2/node_modules/@prisma/client in 75ms

Start by importing your Prisma Client (See: https://pris.ly/d/importing-client)

Tip: Want to turn off tips and other hints? https://pris.ly/tip-4-nohints

Done in 1.6s
== Build (prod-like) 16:52:25Z ==
 ⚠ Linting is disabled.
 ⚠ Linting is disabled.
   ▲ Next.js 15.5.3

   Creating an optimized production build ...
 ✓ Compiled successfully in 3.2s
   Checking validity of types ...
   Collecting page data ...
   Generating static pages (0/4) ...
   Generating static pages (1/4) 
   Generating static pages (2/4) 
   Generating static pages (3/4) 
 ✓ Generating static pages (4/4)
   Finalizing page optimization ...
   Collecting build traces ...

Route (app)                                 Size  First Load JS
┌ ○ /                                      360 B         102 kB
└ ○ /_not-found                             1 kB         103 kB
+ First Load JS shared by all             102 kB
  ├ chunks/13702a36-73df3d465ab108ef.js  54.2 kB
  ├ chunks/861-28827c6f01af5d0b.js       45.8 kB
  └ other shared chunks (total)          1.89 kB


○  (Static)  prerendered as static content

✓ Build OK
BUILD_OK: true
